2024-10-21 22:43:18,511 - INFO - Fetching and parsing command_and_control_accepted_default_telnet_port_connection.toml...
2024-10-21 22:43:18,638 - INFO - Fetching and parsing command_and_control_cobalt_strike_beacon.toml...
2024-10-21 22:43:18,785 - INFO - Fetching and parsing command_and_control_cobalt_strike_default_teamserver_cert.toml...
2024-10-21 22:43:18,968 - INFO - Fetching and parsing command_and_control_download_rar_powershell_from_internet.toml...
2024-10-21 22:43:19,126 - INFO - Fetching and parsing command_and_control_fin7_c2_behavior.toml...
2024-10-21 22:43:19,281 - INFO - Fetching and parsing command_and_control_halfbaked_beacon.toml...
2024-10-21 22:43:19,376 - INFO - Fetching and parsing command_and_control_nat_traversal_port_activity.toml...
2024-10-21 22:43:19,536 - INFO - Fetching and parsing command_and_control_port_26_activity.toml...
2024-10-21 22:43:19,702 - INFO - Fetching and parsing command_and_control_rdp_remote_desktop_protocol_from_the_internet.toml...
2024-10-21 22:43:19,891 - INFO - Fetching and parsing command_and_control_vnc_virtual_network_computing_from_the_internet.toml...
2024-10-21 22:43:20,002 - INFO - Fetching and parsing command_and_control_vnc_virtual_network_computing_to_the_internet.toml...
2024-10-21 22:43:20,164 - INFO - Fetching and parsing discovery_potential_network_sweep_detected.toml...
2024-10-21 22:43:20,281 - INFO - Fetching and parsing discovery_potential_port_scan_detected.toml...
2024-10-21 22:43:20,441 - INFO - Fetching and parsing discovery_potential_syn_port_scan_detected.toml...
2024-10-21 22:43:20,545 - INFO - Fetching and parsing initial_access_rpc_remote_procedure_call_from_the_internet.toml...
2024-10-21 22:43:20,669 - INFO - Fetching and parsing initial_access_rpc_remote_procedure_call_to_the_internet.toml...
2024-10-21 22:43:20,766 - INFO - Fetching and parsing initial_access_smb_windows_file_sharing_activity_to_the_internet.toml...
2024-10-21 22:43:20,909 - INFO - Fetching and parsing initial_access_unsecure_elasticsearch_node.toml...
2024-10-21 22:43:21,098 - INFO - Fetching and parsing lateral_movement_dns_server_overflow.toml...
2024-10-21 22:43:21,101 - INFO - CSV file 'elastic_rules_export_21_10_2024.csv' created successfully.
